Arguments: 
  C:\Program Files\nodejs\node.exe C:\Users\chena\AppData\Roaming\npm\node_modules\yarn\bin\yarn.js start

PATH: 
  C:\ProgramData\Oracle\Java\javapath;C:\Windows\system32;C:\Windows;C:\Windows\System32\Wbem;C:\Windows\System32\WindowsPowerShell\v1.0\;C:\Program Files\Git\cmd;C:\Program Files\nodejs\;C:\Users\chena\AppData\Local\Microsoft\WindowsApps;;C:\Program Files\Microsoft VS Code\bin;C:\Users\chena\AppData\Roaming\npm

Yarn version: 
  1.5.1

Node version: 
  8.11.1

Platform: 
  win32 x64

npm manifest: 
  {
    "name": "hackernews",
    "version": "1.0.0",
    "description": "hackerNews",
    "main": "index.js",
    "author": "aushion",
    "license": "MIT"
  }

yarn manifest: 
  No manifest

Lockfile: 
  No lockfile

Trace: 
  Error: Command "start" not found.
      at new MessageError (C:\Users\chena\AppData\Roaming\npm\node_modules\yarn\lib\cli.js:186:110)
      at C:\Users\chena\AppData\Roaming\npm\node_modules\yarn\lib\cli.js:87307:17
      at Generator.next (<anonymous>)
      at step (C:\Users\chena\AppData\Roaming\npm\node_modules\yarn\lib\cli.js:98:30)
      at C:\Users\chena\AppData\Roaming\npm\node_modules\yarn\lib\cli.js:116:14
      at new Promise (<anonymous>)
      at new F (C:\Users\chena\AppData\Roaming\npm\node_modules\yarn\lib\cli.js:23451:28)
      at C:\Users\chena\AppData\Roaming\npm\node_modules\yarn\lib\cli.js:95:12
      at runCommand (C:\Users\chena\AppData\Roaming\npm\node_modules\yarn\lib\cli.js:87312:22)
      at Object.<anonymous> (C:\Users\chena\AppData\Roaming\npm\node_modules\yarn\lib\cli.js:87412:14)
